<?xml version="1.0" encoding="UTF-8"?>
<testsuite xmlns:xsi="http://www.w3.org/2001/XMLSchema-instance" xsi:noNamespaceSchemaLocation="https://maven.apache.org/surefire/maven-surefire-plugin/xsd/surefire-test-report-3.0.xsd" version="3.0" name="com.OlikAssignment.Olik.OlikJavaAssignmentApplicationTests" time="7.246" tests="1" errors="0" skipped="0" failures="0">
  <properties>
[...]
</properties>
  <testcase name="contextLoads" classname="com.OlikAssignment.Olik.OlikJavaAssignmentApplicationTests" time="0.71">
    <system-out><![CDATA[04:49:21.545 [main] INFO org.springframework.test.context.support.AnnotationConfigContextLoaderUtils -- Could not detect default configuration classes for test class [com.OlikAssignment.Olik.OlikJavaAssignmentApplicationTests]: OlikJavaAssignmentApplicationTests does not declare any static, non-private, non-final, nested classes annotated with @Configuration.
04:49:21.685 [main] INFO org.springframework.boot.test.context.SpringBootTestContextBootstrapper -- Found @SpringBootConfiguration com.OlikAssignment.Olik.OlikJavaAssignmentApplication for test class com.OlikAssignment.Olik.OlikJavaAssignmentApplicationTests

  .   ____          _            __ _ _
 /\\ / ___'_ __ _ _(_)_ __  __ _ \ \ \ \
( ( )\___ | '_ | '_| | '_ \/ _` | \ \ \ \
 \\/  ___)| |_)| | | | | || (_| |  ) ) ) )
  '  |____| .__|_| |_|_| |_\__, | / / / /
 =========|_|==============|___/=/_/_/_/
 :: Spring Boot ::                (v3.2.5)

2024-04-24T04:49:22.240+05:30  INFO 10896 --- [           main] c.O.O.OlikJavaAssignmentApplicationTests : Starting OlikJavaAssignmentApplicationTests using Java 21.0.2 with PID 10896 (started by ayush in E:\Backend Assignment\Olik Java Assignment)
2024-04-24T04:49:22.243+05:30  INFO 10896 --- [           main] c.O.O.OlikJavaAssignmentApplicationTests : No active profile set, falling back to 1 default profile: "default"
2024-04-24T04:49:23.386+05:30  INFO 10896 --- [           main] .s.d.r.c.RepositoryConfigurationDelegate : Bootstrapping Spring Data JPA repositories in DEFAULT mode.
2024-04-24T04:49:23.450+05:30  INFO 10896 --- [           main] .s.d.r.c.RepositoryConfigurationDelegate : Finished Spring Data repository scanning in 54 ms. Found 3 JPA repository interfaces.
2024-04-24T04:49:24.158+05:30  INFO 10896 --- [           main] o.hibernate.jpa.internal.util.LogHelper  : HHH000204: Processing PersistenceUnitInfo [name: default]
2024-04-24T04:49:24.235+05:30  INFO 10896 --- [           main] org.hibernate.Version                    : HHH000412: Hibernate ORM core version 6.4.4.Final
2024-04-24T04:49:24.278+05:30  INFO 10896 --- [           main] o.h.c.internal.RegionFactoryInitiator    : HHH000026: Second-level cache disabled
2024-04-24T04:49:24.558+05:30  INFO 10896 --- [           main] o.s.o.j.p.SpringPersistenceUnitInfo      : No LoadTimeWeaver setup: ignoring JPA class transformer
2024-04-24T04:49:24.592+05:30  INFO 10896 --- [           main] com.zaxxer.hikari.HikariDataSource       : HikariPool-1 - Starting...
2024-04-24T04:49:25.034+05:30  INFO 10896 --- [           main] com.zaxxer.hikari.pool.HikariPool        : HikariPool-1 - Added connection com.mysql.cj.jdbc.ConnectionImpl@41167ded
2024-04-24T04:49:25.036+05:30  INFO 10896 --- [           main] com.zaxxer.hikari.HikariDataSource       : HikariPool-1 - Start completed.
2024-04-24T04:49:26.197+05:30  INFO 10896 --- [           main] o.h.e.t.j.p.i.JtaPlatformInitiator       : HHH000489: No JTA platform available (set 'hibernate.transaction.jta.platform' to enable JTA platform integration)
2024-04-24T04:49:26.270+05:30  INFO 10896 --- [           main] j.LocalContainerEntityManagerFactoryBean : Initialized JPA EntityManagerFactory for persistence unit 'default'
2024-04-24T04:49:27.145+05:30  WARN 10896 --- [           main] JpaBaseConfiguration$JpaWebConfiguration : spring.jpa.open-in-view is enabled by default. Therefore, database queries may be performed during view rendering. Explicitly configure spring.jpa.open-in-view to disable this warning
2024-04-24T04:49:27.810+05:30  INFO 10896 --- [           main] c.O.O.OlikJavaAssignmentApplicationTests : Started OlikJavaAssignmentApplicationTests in 5.959 seconds (process running for 7.314)
]]></system-out>
    <system-err><![CDATA[WARNING: A Java agent has been loaded dynamically (C:\Users\ayush\.m2\repository\net\bytebuddy\byte-buddy-agent\1.14.13\byte-buddy-agent-1.14.13.jar)
WARNING: If a serviceability tool is in use, please run with -XX:+EnableDynamicAgentLoading to hide this warning
WARNING: If a serviceability tool is not in use, please run with -Djdk.instrument.traceUsage for more information
WARNING: Dynamic loading of agents will be disallowed by default in a future release
]]></system-err>
  </testcase>
</testsuite>